{
  "stats": {
    "suites": 4,
    "tests": 4,
    "passes": 4,
    "pending": 0,
    "failures": 0,
    "start": "2024-06-03T00:48:14.323Z",
    "end": "2024-06-03T00:48:15.610Z",
    "duration": 1287,
    "testsRegistered": 4,
    "passPercent": 100,
    "pendingPercent": 0,
    "other": 0,
    "hasOther": false,
    "skipped": 0,
    "hasSkipped": false
  },
  "results": [
    {
      "uuid": "2d8327b3-6bab-49ff-af5a-ce1d744b3c86",
      "title": "",
      "fullFile": "",
      "file": "",
      "beforeHooks": [],
      "afterHooks": [],
      "tests": [],
      "suites": [
        {
          "uuid": "db6bd2e3-3689-4760-a78a-230857527214",
          "title": "DELETE Product",
          "fullFile": "D:\\Bootcamp\\QA Automation\\Tugas6-mocha-chai-axios-JSONSchema\\tests\\delete-product.spec.js",
          "file": "\\tests\\delete-product.spec.js",
          "beforeHooks": [],
          "afterHooks": [],
          "tests": [
            {
              "title": "User menghapus produk",
              "fullTitle": "DELETE Product User menghapus produk",
              "timedOut": false,
              "duration": 668,
              "state": "passed",
              "speed": "slow",
              "pass": true,
              "fail": false,
              "pending": false,
              "context": null,
              "code": "const res = await axios.delete('https://dummyjson.com/products/1');\nexpect(res.status).to.equal(200);\nconsole.log(res.status)",
              "err": {},
              "uuid": "8a9d63db-761c-4c44-9268-de3c49f49c0a",
              "parentUUID": "db6bd2e3-3689-4760-a78a-230857527214",
              "isHook": false,
              "skipped": false
            }
          ],
          "suites": [],
          "passes": [
            "8a9d63db-761c-4c44-9268-de3c49f49c0a"
          ],
          "failures": [],
          "pending": [],
          "skipped": [],
          "duration": 668,
          "root": false,
          "rootEmpty": false,
          "_timeout": 2000
        },
        {
          "uuid": "842c1af4-434b-4328-add7-55a2e038918c",
          "title": "GET Product",
          "fullFile": "D:\\Bootcamp\\QA Automation\\Tugas6-mocha-chai-axios-JSONSchema\\tests\\get-product.spec.js",
          "file": "\\tests\\get-product.spec.js",
          "beforeHooks": [],
          "afterHooks": [],
          "tests": [
            {
              "title": "User mendapatkan produk",
              "fullTitle": "GET Product User mendapatkan produk",
              "timedOut": false,
              "duration": 236,
              "state": "passed",
              "speed": "slow",
              "pass": true,
              "fail": false,
              "pending": false,
              "context": null,
              "code": "const res = await axios.get('https://dummyjson.com/products/1');\nexpect(res.status).to.equal(200);\nconsole.log(res.status);\nexpect(res.data).to.be.jsonSchema(productSchema);\nconsole.log(res.data)",
              "err": {},
              "uuid": "38c885e9-dc17-4342-8e2f-4c3e01c54693",
              "parentUUID": "842c1af4-434b-4328-add7-55a2e038918c",
              "isHook": false,
              "skipped": false
            }
          ],
          "suites": [],
          "passes": [
            "38c885e9-dc17-4342-8e2f-4c3e01c54693"
          ],
          "failures": [],
          "pending": [],
          "skipped": [],
          "duration": 236,
          "root": false,
          "rootEmpty": false,
          "_timeout": 2000
        },
        {
          "uuid": "d68f69b3-44b1-45e1-aaf8-a530370575ed",
          "title": "POST Product",
          "fullFile": "D:\\Bootcamp\\QA Automation\\Tugas6-mocha-chai-axios-JSONSchema\\tests\\post-product.spec.js",
          "file": "\\tests\\post-product.spec.js",
          "beforeHooks": [],
          "afterHooks": [],
          "tests": [
            {
              "title": "User menambahkan produk",
              "fullTitle": "POST Product User menambahkan produk",
              "timedOut": false,
              "duration": 188,
              "state": "passed",
              "speed": "slow",
              "pass": true,
              "fail": false,
              "pending": false,
              "context": null,
              "code": "const newProduct = {\n    title: \"Produk Kecantikan\",\n    price: 15.99\n};\n  \n      const res = await axios.post('https://dummyjson.com/products/add', newProduct);\n      expect(res.status).to.equal(201);\n      console.log(res.status);\n      expect(res.data).to.be.jsonSchema(productSchema);\n      console.log(res.data)",
              "err": {},
              "uuid": "81bebcaa-cd68-4073-9ecc-6814eff9cd70",
              "parentUUID": "d68f69b3-44b1-45e1-aaf8-a530370575ed",
              "isHook": false,
              "skipped": false
            }
          ],
          "suites": [],
          "passes": [
            "81bebcaa-cd68-4073-9ecc-6814eff9cd70"
          ],
          "failures": [],
          "pending": [],
          "skipped": [],
          "duration": 188,
          "root": false,
          "rootEmpty": false,
          "_timeout": 2000
        },
        {
          "uuid": "9b14f18e-58fa-4c51-b5ee-c42d43958612",
          "title": "PUT Product",
          "fullFile": "D:\\Bootcamp\\QA Automation\\Tugas6-mocha-chai-axios-JSONSchema\\tests\\put-product.spec.js",
          "file": "\\tests\\put-product.spec.js",
          "beforeHooks": [],
          "afterHooks": [],
          "tests": [
            {
              "title": "User mengupdate produk",
              "fullTitle": "PUT Product User mengupdate produk",
              "timedOut": false,
              "duration": 188,
              "state": "passed",
              "speed": "slow",
              "pass": true,
              "fail": false,
              "pending": false,
              "context": null,
              "code": "const updatedProduct = {\n    title: \"Produk Kecantikan\",\n    price: 17.99\n  };\n  \n      const res = await axios.put('https://dummyjson.com/products/1', updatedProduct);\n      expect(res.status).to.equal(200);\n      console.log(res.status);\n      expect(res.data).to.be.jsonSchema(productSchema);\n      console.log(res.data)",
              "err": {},
              "uuid": "4f2bec5e-5334-4e2a-9ac8-ec1737001c29",
              "parentUUID": "9b14f18e-58fa-4c51-b5ee-c42d43958612",
              "isHook": false,
              "skipped": false
            }
          ],
          "suites": [],
          "passes": [
            "4f2bec5e-5334-4e2a-9ac8-ec1737001c29"
          ],
          "failures": [],
          "pending": [],
          "skipped": [],
          "duration": 188,
          "root": false,
          "rootEmpty": false,
          "_timeout": 2000
        }
      ],
      "passes": [],
      "failures": [],
      "pending": [],
      "skipped": [],
      "duration": 0,
      "root": true,
      "rootEmpty": true,
      "_timeout": 2000
    }
  ],
  "meta": {
    "mocha": {
      "version": "10.4.0"
    },
    "mochawesome": {
      "options": {
        "quiet": false,
        "reportFilename": "mochawesome",
        "saveHtml": true,
        "saveJson": true,
        "consoleReporter": "spec",
        "useInlineDiffs": false,
        "code": true
      },
      "version": "7.1.3"
    },
    "marge": {
      "options": {
        "reporDir": "report-hasil-test"
      },
      "version": "6.2.0"
    }
  }
}